<?xml version="1.0" encoding="UTF-8"?>
<!-- Generated by org.testng.reporters.JUnitXMLReporter -->
<testsuite hostname="CBT-MH-000" name="Test" tests="5" failures="0" timestamp="29 Oct 2019 07:06:33 GMT" time="125.109" errors="0">
  <testcase name="CheckSignUpPage" time="16.691" classname="TestPackage.ValidateSignUpPage"/>
  <testcase name="CheckLoginPage" time="11.055" classname="TestPackage.ValidateLoginPage"/>
  <testcase name="CheckCarSearch" time="13.359" classname="TestPackage.ValidateCarSearch"/>
  <testcase name="BookAsExistingUser" time="12.143" classname="TestPackage.ValidateCarBookingAsUser"/>
  <testcase name="BookAsGuest" time="12.725" classname="TestPackage.ValidateCarBookingAsGuest"/>
</testsuite> <!-- Test -->
