<?xml version="1.0" encoding="UTF-8"?>
<testng-results skipped="0" failed="1" total="1" passed="0">
  <reporter-output>
  </reporter-output>
  <suite name="Default suite" duration-ms="14361" started-at="2019-10-31T06:54:42Z" finished-at="2019-10-31T06:54:57Z">
    <groups>
    </groups>
    <test name="Default test" duration-ms="14361" started-at="2019-10-31T06:54:42Z" finished-at="2019-10-31T06:54:57Z">
      <class name="TestPackage.ValidateCarSearch">
        <test-method status="PASS" signature="bsuite()[pri:0, instance:TestPackage.ValidateCarSearch@46d56d67]" name="bsuite" is-config="true" duration-ms="907" started-at="2019-10-31T12:24:41Z" finished-at="2019-10-31T12:24:42Z">
          <reporter-output>
          </reporter-output>
        </test-method> <!-- bsuite -->
        <test-method status="PASS" signature="preConditions()[pri:0, instance:TestPackage.ValidateCarSearch@46d56d67]" name="preConditions" is-config="true" duration-ms="9771" started-at="2019-10-31T12:24:42Z" finished-at="2019-10-31T12:24:52Z">
          <reporter-output>
          </reporter-output>
        </test-method> <!-- preConditions -->
        <test-method status="FAIL" signature="CheckCarSearch()[pri:0, instance:TestPackage.ValidateCarSearch@46d56d67]" name="CheckCarSearch" duration-ms="4559" started-at="2019-10-31T12:24:52Z" finished-at="2019-10-31T12:24:56Z">
          <exception class="java.lang.IndexOutOfBoundsException">
            <message>
              <![CDATA[Index: 33, Size: 33]]>
            </message>
            <full-stacktrace>
              <![CDATA[java.lang.IndexOutOfBoundsException: Index: 33, Size: 33
	at java.util.ArrayList.rangeCheck(Unknown Source)
	at java.util.ArrayList.get(Unknown Source)
	at PageObjects.CarSearch.Search(CarSearch.java:59)
	at TestPackage.ValidateCarSearch.CheckCarSearch(ValidateCarSearch.java:23)
	at sun.reflect.NativeMethodAccessorImpl.invoke0(Native Method)
	at sun.reflect.NativeMethodAccessorImpl.invoke(Unknown Source)
	at sun.reflect.DelegatingMethodAccessorImpl.invoke(Unknown Source)
	at java.lang.reflect.Method.invoke(Unknown Source)
	at org.testng.internal.MethodInvocationHelper.invokeMethod(MethodInvocationHelper.java:80)
	at org.testng.internal.Invoker.invokeMethod(Invoker.java:714)
	at org.testng.internal.Invoker.invokeTestMethod(Invoker.java:901)
	at org.testng.internal.Invoker.invokeTestMethods(Invoker.java:1231)
	at org.testng.internal.TestMethodWorker.invokeTestMethods(TestMethodWorker.java:127)
	at org.testng.internal.TestMethodWorker.run(TestMethodWorker.java:111)
	at org.testng.TestRunner.privateRun(TestRunner.java:767)
	at org.testng.TestRunner.run(TestRunner.java:617)
	at org.testng.SuiteRunner.runTest(SuiteRunner.java:334)
	at org.testng.SuiteRunner.runSequentially(SuiteRunner.java:329)
	at org.testng.SuiteRunner.privateRun(SuiteRunner.java:291)
	at org.testng.SuiteRunner.run(SuiteRunner.java:240)
	at org.testng.SuiteRunnerWorker.runSuite(SuiteRunnerWorker.java:52)
	at org.testng.SuiteRunnerWorker.run(SuiteRunnerWorker.java:86)
	at org.testng.TestNG.runSuitesSequentially(TestNG.java:1198)
	at org.testng.TestNG.runSuitesLocally(TestNG.java:1123)
	at org.testng.TestNG.run(TestNG.java:1031)
	at org.testng.remote.AbstractRemoteTestNG.run(AbstractRemoteTestNG.java:132)
	at org.testng.remote.RemoteTestNG.initAndRun(RemoteTestNG.java:236)
	at org.testng.remote.RemoteTestNG.main(RemoteTestNG.java:81)
]]>
            </full-stacktrace>
          </exception> <!-- java.lang.IndexOutOfBoundsException -->
          <reporter-output>
          </reporter-output>
        </test-method> <!-- CheckCarSearch -->
      </class> <!-- TestPackage.ValidateCarSearch -->
    </test> <!-- Default test -->
  </suite> <!-- Default suite -->
</testng-results>
